<?xml version="1.0" encoding="UTF-8"?>
<testng-results ignored="0" total="1" passed="1" failed="0" skipped="0">
  <reporter-output>
  </reporter-output>
  <suite started-at="2022-06-13T20:13:07 EDT" name="Default suite" finished-at="2022-06-13T20:14:10 EDT" duration-ms="63648">
    <groups>
    </groups>
    <test started-at="2022-06-13T20:13:07 EDT" name="Default test" finished-at="2022-06-13T20:14:10 EDT" duration-ms="63648">
      <class name="com.jri.test.Tc_001">
        <test-method signature="testName()[pri:0, instance:com.jri.test.Tc_001@2dc54ad4]" started-at="2022-06-13T20:13:07 EDT" name="testName" finished-at="2022-06-13T20:14:10 EDT" duration-ms="63138" status="PASS">
          <reporter-output>
          </reporter-output>
        </test-method> <!-- testName -->
        <test-method is-config="true" signature="takeScreenshots()[pri:0, instance:com.jri.test.Tc_001@2dc54ad4]" started-at="2022-06-13T20:14:10 EDT" name="takeScreenshots" finished-at="2022-06-13T20:14:10 EDT" duration-ms="369" status="PASS">
          <reporter-output>
          </reporter-output>
        </test-method> <!-- takeScreenshots -->
      </class> <!-- com.jri.test.Tc_001 -->
    </test> <!-- Default test -->
  </suite> <!-- Default suite -->
</testng-results>
