<?xml version="1.0" encoding="UTF-8"?>
<!-- Generated by org.testng.reporters.JUnitXMLReporter -->
<testsuite ignored="0" hostname="DESKTOP-JAJ9VE7" failures="0" tests="10" name="Default test" time="317.981" errors="0" timestamp="2022-06-13T09:58:19 PDT">
  <testcase classname="com.testscenarios.TS_002" name="TC_014" time="10.715"/>
  <testcase classname="com.testscenarios.TS_002" name="TC_015" time="9.41"/>
  <testcase classname="com.testscenarios.TS_002" name="TC_016" time="11.294"/>
  <testcase classname="com.testscenarios.TS_002" name="TC_017" time="175.713"/>
  <testcase classname="com.testscenarios.TS_002" name="TC_018" time="24.012"/>
  <testcase classname="com.testscenarios.TS_002" name="TC_019" time="27.051"/>
  <testcase classname="com.testscenarios.TS_002" name="TC_020" time="12.072"/>
  <testcase classname="com.testscenarios.TS_002" name="TC_021" time="12.196"/>
  <testcase classname="com.testscenarios.TS_002" name="TC_022" time="15.292"/>
  <testcase classname="com.testscenarios.TS_002" name="TC_023" time="14.844"/>
</testsuite> <!-- Default test -->
